2026-01-28 21:00:51,772 - root - WARNING - Asset 'my_gizmo' has no specified version
2026-01-28 21:02:25,554 - Publihser - WARNING - Asset 'my_gizmo' has no specified version
2026-01-28 21:02:41,694 - Publisher - WARNING - Asset 'my_gizmo' has no specified version
2026-01-28 21:02:59,778 - Publisher - WARNING - publish_asset - Asset 'my_gizmo' has no specified version
2026-01-28 21:18:36,949 - root - INFO - Created central repo at /home/etienne/central_repo
2026-01-28 21:18:36,949 - root - WARNING - Asset 'my_gizmo' has no specified version
2026-01-28 21:18:36,950 - Publisher - INFO - Successfully saved my_gizmo_v0.1.0 to /home/etienne/central_repo/gizmos/my_gizmo/my_gizmo_vNone.gizmo 
2026-01-28 21:18:36,950 - Publisher - INFO - Successfully saved my_gizmo_v0.1.0 to /home/etienne/central_repo/gizmos/my_gizmo/my_gizmo_vNone.gizmo 
2026-01-28 21:18:36,950 - Publisher - INFO - Successfully added my_gizmo v0.1.0 to repo manifest
2026-01-28 21:18:36,950 - Publisher - INFO - Successfully added my_gizmo v0.1.0 to repo manifest
2026-01-28 21:18:45,551 - root - WARNING - Asset 'my_gizmo' has no specified version
2026-01-28 21:19:08,974 - root - WARNING - Asset 'my_gizmo' has no specified version
2026-01-28 21:19:11,025 - Publisher - INFO - Successfully saved my_gizmo_vNone to /home/etienne/central_repo/gizmos/my_gizmo/my_gizmo_vNone.gizmo 
2026-01-28 21:19:11,025 - Publisher - INFO - Successfully saved my_gizmo_vNone to /home/etienne/central_repo/gizmos/my_gizmo/my_gizmo_vNone.gizmo 
2026-01-28 21:19:11,025 - Publisher - INFO - Successfully added my_gizmo vNone to repo manifest
2026-01-28 21:19:11,025 - Publisher - INFO - Successfully added my_gizmo vNone to repo manifest
2026-01-28 21:19:33,516 - root - WARNING - Asset 'my_gizmo' has no specified version
2026-01-28 21:19:49,773 - root - WARNING - Asset 'my_gizmo' has no specified version
2026-01-28 21:19:49,774 - Publisher - INFO - Successfully saved my_gizmo_v0.1.0 to /home/etienne/central_repo/gizmos/my_gizmo/my_gizmo_vNone.gizmo 
2026-01-28 21:19:49,774 - Publisher - INFO - Successfully saved my_gizmo_v0.1.0 to /home/etienne/central_repo/gizmos/my_gizmo/my_gizmo_vNone.gizmo 
2026-01-28 21:19:49,774 - Publisher - INFO - Successfully added my_gizmo v0.1.0 to repo manifest
2026-01-28 21:19:49,774 - Publisher - INFO - Successfully added my_gizmo v0.1.0 to repo manifest
2026-01-28 21:19:54,891 - root - WARNING - Asset 'my_gizmo' has no specified version
2026-01-28 21:19:58,321 - Publisher - INFO - Successfully saved my_gizmo_vNone to /home/etienne/central_repo/gizmos/my_gizmo/my_gizmo_vNone.gizmo 
2026-01-28 21:19:58,321 - Publisher - INFO - Successfully saved my_gizmo_vNone to /home/etienne/central_repo/gizmos/my_gizmo/my_gizmo_vNone.gizmo 
2026-01-28 21:19:58,322 - Publisher - INFO - Successfully added my_gizmo vNone to repo manifest
2026-01-28 21:19:58,322 - Publisher - INFO - Successfully added my_gizmo vNone to repo manifest
2026-01-28 21:21:07,732 - root - WARNING - Asset 'my_gizmo' has no specified version
2026-01-28 21:21:09,424 - Publisher - INFO - Successfully saved my_gizmo_v1.0.0 to /home/etienne/central_repo/gizmos/my_gizmo/my_gizmo_vNone.gizmo 
2026-01-28 21:21:09,424 - Publisher - INFO - Successfully saved my_gizmo_v1.0.0 to /home/etienne/central_repo/gizmos/my_gizmo/my_gizmo_vNone.gizmo 
2026-01-28 21:21:09,425 - Publisher - INFO - Successfully added my_gizmo v1.0.0 to repo manifest
2026-01-28 21:21:09,425 - Publisher - INFO - Successfully added my_gizmo v1.0.0 to repo manifest
2026-01-28 21:21:15,852 - root - WARNING - Asset 'my_gizmo' has no specified version
2026-01-28 21:21:16,980 - Publisher - INFO - Successfully saved my_gizmo_v2.0.0 to /home/etienne/central_repo/gizmos/my_gizmo/my_gizmo_vNone.gizmo 
2026-01-28 21:21:16,980 - Publisher - INFO - Successfully saved my_gizmo_v2.0.0 to /home/etienne/central_repo/gizmos/my_gizmo/my_gizmo_vNone.gizmo 
2026-01-28 21:21:16,981 - Publisher - INFO - Successfully added my_gizmo v2.0.0 to repo manifest
2026-01-28 21:21:16,981 - Publisher - INFO - Successfully added my_gizmo v2.0.0 to repo manifest
